<?xml version="1.0" encoding="utf-8" ?>
<!DOCTYPE html PUBLIC "-//W3C//DTD XHTML 1.0 Strict//EN"
        "http://www.w3.org/TR/xhtml1/DTD/xhtml1-strict.dtd">
<html xmlns="http://www.w3.org/1999/xhtml" xml:lang="" lang="">
<head>
  <title>Test Results Report - RedditNavigationTest</title>
  <meta http-equiv="Content-Type" content="text/html;charset=utf-8" />
  <meta name="description" content="TestNG unit test results." />
  <link href="reportng.css" rel="stylesheet" type="text/css" />
    <script type="text/javascript" src="reportng.js"></script>
</head>
<body>
<h1>RedditNavigationTest</h1>
<p>
  Test duration: 15.185s
</p>



  <table class="resultsTable">
    <tr><th colspan="3" class="header failed">Failed Tests</th></tr>
          <tr>
        <td colspan="3" class="group">edu.reddituigroup.reddit.tests.RedditNavigationTest</td>
      </tr>
            
<tr>
  <td class="method">
                  <span class="description" title="Navigate to the 'Popular' page.">navigateToPopular</span>
      </td>
  <td class="duration">
    6.021s
  </td>
  <td class="result">
        
    
        

        <a href="javascript:toggleElement('exception-0', 'block')" title="Click to expand/collapse"><b>java.lang.AssertionError: Should be on the Popular page. Current URL: https://www.reddit.com/ expected [true] but found [false]</b></a><br />
    <div class="stackTrace" id="exception-0">
              org.testng.Assert.fail(Assert.java:111)<br />
              org.testng.Assert.failNotEquals(Assert.java:1578)<br />
              org.testng.Assert.assertTrue(Assert.java:57)<br />
              edu.reddituigroup.reddit.tests.RedditNavigationTest.navigateToPopular(RedditNavigationTest.java:83)<br />
              java.base/jdk.internal.reflect.DirectMethodHandleAccessor.invoke(DirectMethodHandleAccessor.java:103)<br />
              java.base/java.lang.reflect.Method.invoke(Method.java:580)<br />
              org.testng.internal.invokers.MethodInvocationHelper.invokeMethod(MethodInvocationHelper.java:139)<br />
              org.testng.internal.invokers.TestInvoker.invokeMethod(TestInvoker.java:664)<br />
              org.testng.internal.invokers.TestInvoker.invokeTestMethod(TestInvoker.java:228)<br />
              org.testng.internal.invokers.MethodRunner.runInSequence(MethodRunner.java:63)<br />
              org.testng.internal.invokers.TestInvoker$MethodInvocationAgent.invoke(TestInvoker.java:961)<br />
              org.testng.internal.invokers.TestInvoker.invokeTestMethods(TestInvoker.java:201)<br />
              org.testng.internal.invokers.TestMethodWorker.invokeTestMethods(TestMethodWorker.java:148)<br />
              org.testng.internal.invokers.TestMethodWorker.run(TestMethodWorker.java:128)<br />
              java.base/java.util.ArrayList.forEach(ArrayList.java:1597)<br />
              org.testng.TestRunner.privateRun(TestRunner.java:819)<br />
              org.testng.TestRunner.run(TestRunner.java:619)<br />
              org.testng.SuiteRunner.runTest(SuiteRunner.java:443)<br />
              org.testng.SuiteRunner.runSequentially(SuiteRunner.java:437)<br />
              org.testng.SuiteRunner.privateRun(SuiteRunner.java:397)<br />
              org.testng.SuiteRunner.run(SuiteRunner.java:336)<br />
              org.testng.SuiteRunnerWorker.runSuite(SuiteRunnerWorker.java:52)<br />
              org.testng.SuiteRunnerWorker.run(SuiteRunnerWorker.java:95)<br />
              org.testng.TestNG.runSuitesSequentially(TestNG.java:1301)<br />
              org.testng.TestNG.runSuitesLocally(TestNG.java:1228)<br />
              org.testng.TestNG.runSuites(TestNG.java:1134)<br />
              org.testng.TestNG.run(TestNG.java:1101)<br />
              org.apache.maven.surefire.testng.TestNGExecutor.run(TestNGExecutor.java:308)<br />
              org.apache.maven.surefire.testng.TestNGXmlTestSuite.execute(TestNGXmlTestSuite.java:71)<br />
              org.apache.maven.surefire.testng.TestNGProvider.invoke(TestNGProvider.java:113)<br />
              org.apache.maven.surefire.booter.ForkedBooter.runSuitesInProcess(ForkedBooter.java:385)<br />
              org.apache.maven.surefire.booter.ForkedBooter.execute(ForkedBooter.java:162)<br />
              org.apache.maven.surefire.booter.ForkedBooter.run(ForkedBooter.java:507)<br />
              org.apache.maven.surefire.booter.ForkedBooter.main(ForkedBooter.java:495)<br />
                </div>
      </td>
</tr>
<tr>
  <td class="method">
                  <span class="description" title="Verify the presence of the 'Popular' link.">verifyPopularLink</span>
      </td>
  <td class="duration">
    6.066s
  </td>
  <td class="result">
        
    
        

        <a href="javascript:toggleElement('exception-1', 'block')" title="Click to expand/collapse"><b>java.lang.AssertionError: Popular link should be displayed expected [true] but found [false]</b></a><br />
    <div class="stackTrace" id="exception-1">
              org.testng.Assert.fail(Assert.java:111)<br />
              org.testng.Assert.failNotEquals(Assert.java:1578)<br />
              org.testng.Assert.assertTrue(Assert.java:57)<br />
              edu.reddituigroup.reddit.tests.RedditNavigationTest.verifyPopularLink(RedditNavigationTest.java:45)<br />
              java.base/jdk.internal.reflect.DirectMethodHandleAccessor.invoke(DirectMethodHandleAccessor.java:103)<br />
              java.base/java.lang.reflect.Method.invoke(Method.java:580)<br />
              org.testng.internal.invokers.MethodInvocationHelper.invokeMethod(MethodInvocationHelper.java:139)<br />
              org.testng.internal.invokers.TestInvoker.invokeMethod(TestInvoker.java:664)<br />
              org.testng.internal.invokers.TestInvoker.invokeTestMethod(TestInvoker.java:228)<br />
              org.testng.internal.invokers.MethodRunner.runInSequence(MethodRunner.java:63)<br />
              org.testng.internal.invokers.TestInvoker$MethodInvocationAgent.invoke(TestInvoker.java:961)<br />
              org.testng.internal.invokers.TestInvoker.invokeTestMethods(TestInvoker.java:201)<br />
              org.testng.internal.invokers.TestMethodWorker.invokeTestMethods(TestMethodWorker.java:148)<br />
              org.testng.internal.invokers.TestMethodWorker.run(TestMethodWorker.java:128)<br />
              java.base/java.util.ArrayList.forEach(ArrayList.java:1597)<br />
              org.testng.TestRunner.privateRun(TestRunner.java:819)<br />
              org.testng.TestRunner.run(TestRunner.java:619)<br />
              org.testng.SuiteRunner.runTest(SuiteRunner.java:443)<br />
              org.testng.SuiteRunner.runSequentially(SuiteRunner.java:437)<br />
              org.testng.SuiteRunner.privateRun(SuiteRunner.java:397)<br />
              org.testng.SuiteRunner.run(SuiteRunner.java:336)<br />
              org.testng.SuiteRunnerWorker.runSuite(SuiteRunnerWorker.java:52)<br />
              org.testng.SuiteRunnerWorker.run(SuiteRunnerWorker.java:95)<br />
              org.testng.TestNG.runSuitesSequentially(TestNG.java:1301)<br />
              org.testng.TestNG.runSuitesLocally(TestNG.java:1228)<br />
              org.testng.TestNG.runSuites(TestNG.java:1134)<br />
              org.testng.TestNG.run(TestNG.java:1101)<br />
              org.apache.maven.surefire.testng.TestNGExecutor.run(TestNGExecutor.java:308)<br />
              org.apache.maven.surefire.testng.TestNGXmlTestSuite.execute(TestNGXmlTestSuite.java:71)<br />
              org.apache.maven.surefire.testng.TestNGProvider.invoke(TestNGProvider.java:113)<br />
              org.apache.maven.surefire.booter.ForkedBooter.runSuitesInProcess(ForkedBooter.java:385)<br />
              org.apache.maven.surefire.booter.ForkedBooter.execute(ForkedBooter.java:162)<br />
              org.apache.maven.surefire.booter.ForkedBooter.run(ForkedBooter.java:507)<br />
              org.apache.maven.surefire.booter.ForkedBooter.main(ForkedBooter.java:495)<br />
                </div>
      </td>
</tr>
      </table>


  <table class="resultsTable">
    <tr><th colspan="3" class="header passed">Passed Tests</th></tr>
          <tr>
        <td colspan="3" class="group">edu.reddituigroup.reddit.tests.RedditNavigationTest</td>
      </tr>
            
<tr>
  <td class="method">
                  <span class="description" title="Perform basic page scroll down and up.">scrollPageBasic</span>
      </td>
  <td class="duration">
    2.041s
  </td>
  <td class="result">
        
    
        

      </td>
</tr>
<tr>
  <td class="method">
                  <span class="description" title="Verify Home link is present and clickable.">verifyHomeLink</span>
      </td>
  <td class="duration">
    0.022s
  </td>
  <td class="result">
        
    
        

      </td>
</tr>
<tr>
  <td class="method">
                  <span class="description" title="Verify presence of a navigation/sidebar section.">verifyNavSidebarSection</span>
      </td>
  <td class="duration">
    0.021s
  </td>
  <td class="result">
        
    
        

      </td>
</tr>
      </table>
  
</body>
</html>
