<?xml version="1.0" encoding="utf-8" ?>
<!DOCTYPE html PUBLIC "-//W3C//DTD XHTML 1.0 Strict//EN"
        "http://www.w3.org/TR/xhtml1/DTD/xhtml1-strict.dtd">
<html xmlns="http://www.w3.org/1999/xhtml" xml:lang="" lang="">
<head>
  <title>Test Results Report - RedditSearchTest</title>
  <meta http-equiv="Content-Type" content="text/html;charset=utf-8" />
  <meta name="description" content="TestNG unit test results." />
  <link href="reportng.css" rel="stylesheet" type="text/css" />
    <script type="text/javascript" src="reportng.js"></script>
</head>
<body>
<h1>RedditSearchTest</h1>
<p>
  Test duration: 73.189s
</p>



  <table class="resultsTable">
    <tr><th colspan="3" class="header failed">Failed Tests</th></tr>
          <tr>
        <td colspan="3" class="group">edu.reddituigroup.reddit.tests.RedditSearchTest</td>
      </tr>
            
<tr>
  <td class="method">
                  <span class="description" title="Test setting search input via Shadow DOM JS execution.">searchInputViaJS</span>
      </td>
  <td class="duration">
    2.133s
  </td>
  <td class="result">
        
    
        

        <a href="javascript:toggleElement('exception-0', 'block')" title="Click to expand/collapse"><b>java.lang.AssertionError: JS execution failed to set search input: ERROR: Query Selector &lt;faceplate-search-input&gt; not found expected [true] but found [false]</b></a><br />
    <div class="stackTrace" id="exception-0">
              org.testng.Assert.fail(Assert.java:111)<br />
              org.testng.Assert.failNotEquals(Assert.java:1578)<br />
              org.testng.Assert.assertTrue(Assert.java:57)<br />
              edu.reddituigroup.reddit.tests.RedditSearchTest.searchInputViaJS(RedditSearchTest.java:77)<br />
              java.base/jdk.internal.reflect.DirectMethodHandleAccessor.invoke(DirectMethodHandleAccessor.java:103)<br />
              java.base/java.lang.reflect.Method.invoke(Method.java:580)<br />
              org.testng.internal.invokers.MethodInvocationHelper.invokeMethod(MethodInvocationHelper.java:139)<br />
              org.testng.internal.invokers.TestInvoker.invokeMethod(TestInvoker.java:664)<br />
              org.testng.internal.invokers.TestInvoker.invokeTestMethod(TestInvoker.java:228)<br />
              org.testng.internal.invokers.MethodRunner.runInSequence(MethodRunner.java:63)<br />
              org.testng.internal.invokers.TestInvoker$MethodInvocationAgent.invoke(TestInvoker.java:961)<br />
              org.testng.internal.invokers.TestInvoker.invokeTestMethods(TestInvoker.java:201)<br />
              org.testng.internal.invokers.TestMethodWorker.invokeTestMethods(TestMethodWorker.java:148)<br />
              org.testng.internal.invokers.TestMethodWorker.run(TestMethodWorker.java:128)<br />
              java.base/java.util.ArrayList.forEach(ArrayList.java:1597)<br />
              org.testng.TestRunner.privateRun(TestRunner.java:819)<br />
              org.testng.TestRunner.run(TestRunner.java:619)<br />
              org.testng.SuiteRunner.runTest(SuiteRunner.java:443)<br />
              org.testng.SuiteRunner.runSequentially(SuiteRunner.java:437)<br />
              org.testng.SuiteRunner.privateRun(SuiteRunner.java:397)<br />
              org.testng.SuiteRunner.run(SuiteRunner.java:336)<br />
              org.testng.SuiteRunnerWorker.runSuite(SuiteRunnerWorker.java:52)<br />
              org.testng.SuiteRunnerWorker.run(SuiteRunnerWorker.java:95)<br />
              org.testng.TestNG.runSuitesSequentially(TestNG.java:1301)<br />
              org.testng.TestNG.runSuitesLocally(TestNG.java:1228)<br />
              org.testng.TestNG.runSuites(TestNG.java:1134)<br />
              org.testng.TestNG.run(TestNG.java:1101)<br />
              org.apache.maven.surefire.testng.TestNGExecutor.run(TestNGExecutor.java:308)<br />
              org.apache.maven.surefire.testng.TestNGXmlTestSuite.execute(TestNGXmlTestSuite.java:71)<br />
              org.apache.maven.surefire.testng.TestNGProvider.invoke(TestNGProvider.java:113)<br />
              org.apache.maven.surefire.booter.ForkedBooter.runSuitesInProcess(ForkedBooter.java:385)<br />
              org.apache.maven.surefire.booter.ForkedBooter.execute(ForkedBooter.java:162)<br />
              org.apache.maven.surefire.booter.ForkedBooter.run(ForkedBooter.java:507)<br />
              org.apache.maven.surefire.booter.ForkedBooter.main(ForkedBooter.java:495)<br />
                </div>
      </td>
</tr>
<tr>
  <td class="method">
                  <span class="description" title="Test searching by navigating directly to the search URL.">searchViaDirectNavigation</span>
      </td>
  <td class="duration">
    33.739s
  </td>
  <td class="result">
        
    
        

        <a href="javascript:toggleElement('exception-1', 'block')" title="Click to expand/collapse"><b>java.lang.AssertionError: Search results container/posts did not load after direct navigation.</b></a><br />
    <div class="stackTrace" id="exception-1">
              org.testng.Assert.fail(Assert.java:99)<br />
              edu.reddituigroup.reddit.tests.RedditSearchTest.searchViaDirectNavigation(RedditSearchTest.java:108)<br />
              java.base/jdk.internal.reflect.DirectMethodHandleAccessor.invoke(DirectMethodHandleAccessor.java:103)<br />
              java.base/java.lang.reflect.Method.invoke(Method.java:580)<br />
              org.testng.internal.invokers.MethodInvocationHelper.invokeMethod(MethodInvocationHelper.java:139)<br />
              org.testng.internal.invokers.TestInvoker.invokeMethod(TestInvoker.java:664)<br />
              org.testng.internal.invokers.TestInvoker.invokeTestMethod(TestInvoker.java:228)<br />
              org.testng.internal.invokers.MethodRunner.runInSequence(MethodRunner.java:63)<br />
              org.testng.internal.invokers.TestInvoker$MethodInvocationAgent.invoke(TestInvoker.java:961)<br />
              org.testng.internal.invokers.TestInvoker.invokeTestMethods(TestInvoker.java:201)<br />
              org.testng.internal.invokers.TestMethodWorker.invokeTestMethods(TestMethodWorker.java:148)<br />
              org.testng.internal.invokers.TestMethodWorker.run(TestMethodWorker.java:128)<br />
              java.base/java.util.ArrayList.forEach(ArrayList.java:1597)<br />
              org.testng.TestRunner.privateRun(TestRunner.java:819)<br />
              org.testng.TestRunner.run(TestRunner.java:619)<br />
              org.testng.SuiteRunner.runTest(SuiteRunner.java:443)<br />
              org.testng.SuiteRunner.runSequentially(SuiteRunner.java:437)<br />
              org.testng.SuiteRunner.privateRun(SuiteRunner.java:397)<br />
              org.testng.SuiteRunner.run(SuiteRunner.java:336)<br />
              org.testng.SuiteRunnerWorker.runSuite(SuiteRunnerWorker.java:52)<br />
              org.testng.SuiteRunnerWorker.run(SuiteRunnerWorker.java:95)<br />
              org.testng.TestNG.runSuitesSequentially(TestNG.java:1301)<br />
              org.testng.TestNG.runSuitesLocally(TestNG.java:1228)<br />
              org.testng.TestNG.runSuites(TestNG.java:1134)<br />
              org.testng.TestNG.run(TestNG.java:1101)<br />
              org.apache.maven.surefire.testng.TestNGExecutor.run(TestNGExecutor.java:308)<br />
              org.apache.maven.surefire.testng.TestNGXmlTestSuite.execute(TestNGXmlTestSuite.java:71)<br />
              org.apache.maven.surefire.testng.TestNGProvider.invoke(TestNGProvider.java:113)<br />
              org.apache.maven.surefire.booter.ForkedBooter.runSuitesInProcess(ForkedBooter.java:385)<br />
              org.apache.maven.surefire.booter.ForkedBooter.execute(ForkedBooter.java:162)<br />
              org.apache.maven.surefire.booter.ForkedBooter.run(ForkedBooter.java:507)<br />
              org.apache.maven.surefire.booter.ForkedBooter.main(ForkedBooter.java:495)<br />
                    <b>Caused by: </b> <a href="javascript:toggleElement('exception-2', 'block')" title="Click to expand/collapse">org.openqa.selenium.TimeoutException: No element found with any of the provided locators<br/>
Build info: version: &apos;4.31.0&apos;, revision: &apos;1ef9f18787*&apos;<br/>
System info: os.name: &apos;Mac OS X&apos;, os.arch: &apos;aarch64&apos;, os.version: &apos;15.3.2&apos;, java.version: &apos;23.0.2&apos;<br/>
Driver info: driver.version: unknown</a><br />
        <div class="stackTrace" id="exception-2">
                      edu.reddituigroup.reddit.tests.BaseTest.waitForAnyElement(BaseTest.java:104)<br />
                      edu.reddituigroup.reddit.tests.RedditSearchTest.searchViaDirectNavigation(RedditSearchTest.java:99)<br />
                      java.base/jdk.internal.reflect.DirectMethodHandleAccessor.invoke(DirectMethodHandleAccessor.java:103)<br />
                      java.base/java.lang.reflect.Method.invoke(Method.java:580)<br />
                      org.testng.internal.invokers.MethodInvocationHelper.invokeMethod(MethodInvocationHelper.java:139)<br />
                      org.testng.internal.invokers.TestInvoker.invokeMethod(TestInvoker.java:664)<br />
                      org.testng.internal.invokers.TestInvoker.invokeTestMethod(TestInvoker.java:228)<br />
                      org.testng.internal.invokers.MethodRunner.runInSequence(MethodRunner.java:63)<br />
                      org.testng.internal.invokers.TestInvoker$MethodInvocationAgent.invoke(TestInvoker.java:961)<br />
                      org.testng.internal.invokers.TestInvoker.invokeTestMethods(TestInvoker.java:201)<br />
                      org.testng.internal.invokers.TestMethodWorker.invokeTestMethods(TestMethodWorker.java:148)<br />
                      org.testng.internal.invokers.TestMethodWorker.run(TestMethodWorker.java:128)<br />
                      java.base/java.util.ArrayList.forEach(ArrayList.java:1597)<br />
                      org.testng.TestRunner.privateRun(TestRunner.java:819)<br />
                      org.testng.TestRunner.run(TestRunner.java:619)<br />
                      org.testng.SuiteRunner.runTest(SuiteRunner.java:443)<br />
                      org.testng.SuiteRunner.runSequentially(SuiteRunner.java:437)<br />
                      org.testng.SuiteRunner.privateRun(SuiteRunner.java:397)<br />
                      org.testng.SuiteRunner.run(SuiteRunner.java:336)<br />
                      org.testng.SuiteRunnerWorker.runSuite(SuiteRunnerWorker.java:52)<br />
                      org.testng.SuiteRunnerWorker.run(SuiteRunnerWorker.java:95)<br />
                      org.testng.TestNG.runSuitesSequentially(TestNG.java:1301)<br />
                      org.testng.TestNG.runSuitesLocally(TestNG.java:1228)<br />
                      org.testng.TestNG.runSuites(TestNG.java:1134)<br />
                      org.testng.TestNG.run(TestNG.java:1101)<br />
                      org.apache.maven.surefire.testng.TestNGExecutor.run(TestNGExecutor.java:308)<br />
                      org.apache.maven.surefire.testng.TestNGXmlTestSuite.execute(TestNGXmlTestSuite.java:71)<br />
                      org.apache.maven.surefire.testng.TestNGProvider.invoke(TestNGProvider.java:113)<br />
                      org.apache.maven.surefire.booter.ForkedBooter.runSuitesInProcess(ForkedBooter.java:385)<br />
                      org.apache.maven.surefire.booter.ForkedBooter.execute(ForkedBooter.java:162)<br />
                      org.apache.maven.surefire.booter.ForkedBooter.run(ForkedBooter.java:507)<br />
                      org.apache.maven.surefire.booter.ForkedBooter.main(ForkedBooter.java:495)<br />
                  </div>
          </div>
      </td>
</tr>
<tr>
  <td class="method">
                  <span class="description" title="Verify comment input area is present after navigating to comments.">verifyCommentInputPresenceAfterClick</span>
      </td>
  <td class="duration">
    30.294s
  </td>
  <td class="result">
        
    
        

        <a href="javascript:toggleElement('exception-3', 'block')" title="Click to expand/collapse"><b>java.lang.AssertionError: Failed to verify comment input area presence.</b></a><br />
    <div class="stackTrace" id="exception-3">
              org.testng.Assert.fail(Assert.java:99)<br />
              edu.reddituigroup.reddit.tests.RedditSearchTest.verifyCommentInputPresenceAfterClick(RedditSearchTest.java:243)<br />
              java.base/jdk.internal.reflect.DirectMethodHandleAccessor.invoke(DirectMethodHandleAccessor.java:103)<br />
              java.base/java.lang.reflect.Method.invoke(Method.java:580)<br />
              org.testng.internal.invokers.MethodInvocationHelper.invokeMethod(MethodInvocationHelper.java:139)<br />
              org.testng.internal.invokers.TestInvoker.invokeMethod(TestInvoker.java:664)<br />
              org.testng.internal.invokers.TestInvoker.invokeTestMethod(TestInvoker.java:228)<br />
              org.testng.internal.invokers.MethodRunner.runInSequence(MethodRunner.java:63)<br />
              org.testng.internal.invokers.TestInvoker$MethodInvocationAgent.invoke(TestInvoker.java:961)<br />
              org.testng.internal.invokers.TestInvoker.invokeTestMethods(TestInvoker.java:201)<br />
              org.testng.internal.invokers.TestMethodWorker.invokeTestMethods(TestMethodWorker.java:148)<br />
              org.testng.internal.invokers.TestMethodWorker.run(TestMethodWorker.java:128)<br />
              java.base/java.util.ArrayList.forEach(ArrayList.java:1597)<br />
              org.testng.TestRunner.privateRun(TestRunner.java:819)<br />
              org.testng.TestRunner.run(TestRunner.java:619)<br />
              org.testng.SuiteRunner.runTest(SuiteRunner.java:443)<br />
              org.testng.SuiteRunner.runSequentially(SuiteRunner.java:437)<br />
              org.testng.SuiteRunner.privateRun(SuiteRunner.java:397)<br />
              org.testng.SuiteRunner.run(SuiteRunner.java:336)<br />
              org.testng.SuiteRunnerWorker.runSuite(SuiteRunnerWorker.java:52)<br />
              org.testng.SuiteRunnerWorker.run(SuiteRunnerWorker.java:95)<br />
              org.testng.TestNG.runSuitesSequentially(TestNG.java:1301)<br />
              org.testng.TestNG.runSuitesLocally(TestNG.java:1228)<br />
              org.testng.TestNG.runSuites(TestNG.java:1134)<br />
              org.testng.TestNG.run(TestNG.java:1101)<br />
              org.apache.maven.surefire.testng.TestNGExecutor.run(TestNGExecutor.java:308)<br />
              org.apache.maven.surefire.testng.TestNGXmlTestSuite.execute(TestNGXmlTestSuite.java:71)<br />
              org.apache.maven.surefire.testng.TestNGProvider.invoke(TestNGProvider.java:113)<br />
              org.apache.maven.surefire.booter.ForkedBooter.runSuitesInProcess(ForkedBooter.java:385)<br />
              org.apache.maven.surefire.booter.ForkedBooter.execute(ForkedBooter.java:162)<br />
              org.apache.maven.surefire.booter.ForkedBooter.run(ForkedBooter.java:507)<br />
              org.apache.maven.surefire.booter.ForkedBooter.main(ForkedBooter.java:495)<br />
                    <b>Caused by: </b> <a href="javascript:toggleElement('exception-4', 'block')" title="Click to expand/collapse">org.openqa.selenium.TimeoutException: No element found with any of the provided locators<br/>
Build info: version: &apos;4.31.0&apos;, revision: &apos;1ef9f18787*&apos;<br/>
System info: os.name: &apos;Mac OS X&apos;, os.arch: &apos;aarch64&apos;, os.version: &apos;15.3.2&apos;, java.version: &apos;23.0.2&apos;<br/>
Driver info: driver.version: unknown</a><br />
        <div class="stackTrace" id="exception-4">
                      edu.reddituigroup.reddit.tests.BaseTest.waitForAnyElement(BaseTest.java:104)<br />
                      edu.reddituigroup.reddit.tests.RedditSearchTest.verifyCommentInputPresenceAfterClick(RedditSearchTest.java:214)<br />
                      java.base/jdk.internal.reflect.DirectMethodHandleAccessor.invoke(DirectMethodHandleAccessor.java:103)<br />
                      java.base/java.lang.reflect.Method.invoke(Method.java:580)<br />
                      org.testng.internal.invokers.MethodInvocationHelper.invokeMethod(MethodInvocationHelper.java:139)<br />
                      org.testng.internal.invokers.TestInvoker.invokeMethod(TestInvoker.java:664)<br />
                      org.testng.internal.invokers.TestInvoker.invokeTestMethod(TestInvoker.java:228)<br />
                      org.testng.internal.invokers.MethodRunner.runInSequence(MethodRunner.java:63)<br />
                      org.testng.internal.invokers.TestInvoker$MethodInvocationAgent.invoke(TestInvoker.java:961)<br />
                      org.testng.internal.invokers.TestInvoker.invokeTestMethods(TestInvoker.java:201)<br />
                      org.testng.internal.invokers.TestMethodWorker.invokeTestMethods(TestMethodWorker.java:148)<br />
                      org.testng.internal.invokers.TestMethodWorker.run(TestMethodWorker.java:128)<br />
                      java.base/java.util.ArrayList.forEach(ArrayList.java:1597)<br />
                      org.testng.TestRunner.privateRun(TestRunner.java:819)<br />
                      org.testng.TestRunner.run(TestRunner.java:619)<br />
                      org.testng.SuiteRunner.runTest(SuiteRunner.java:443)<br />
                      org.testng.SuiteRunner.runSequentially(SuiteRunner.java:437)<br />
                      org.testng.SuiteRunner.privateRun(SuiteRunner.java:397)<br />
                      org.testng.SuiteRunner.run(SuiteRunner.java:336)<br />
                      org.testng.SuiteRunnerWorker.runSuite(SuiteRunnerWorker.java:52)<br />
                      org.testng.SuiteRunnerWorker.run(SuiteRunnerWorker.java:95)<br />
                      org.testng.TestNG.runSuitesSequentially(TestNG.java:1301)<br />
                      org.testng.TestNG.runSuitesLocally(TestNG.java:1228)<br />
                      org.testng.TestNG.runSuites(TestNG.java:1134)<br />
                      org.testng.TestNG.run(TestNG.java:1101)<br />
                      org.apache.maven.surefire.testng.TestNGExecutor.run(TestNGExecutor.java:308)<br />
                      org.apache.maven.surefire.testng.TestNGXmlTestSuite.execute(TestNGXmlTestSuite.java:71)<br />
                      org.apache.maven.surefire.testng.TestNGProvider.invoke(TestNGProvider.java:113)<br />
                      org.apache.maven.surefire.booter.ForkedBooter.runSuitesInProcess(ForkedBooter.java:385)<br />
                      org.apache.maven.surefire.booter.ForkedBooter.execute(ForkedBooter.java:162)<br />
                      org.apache.maven.surefire.booter.ForkedBooter.run(ForkedBooter.java:507)<br />
                      org.apache.maven.surefire.booter.ForkedBooter.main(ForkedBooter.java:495)<br />
                  </div>
          </div>
      </td>
</tr>
      </table>


  <table class="resultsTable">
    <tr><th colspan="3" class="header passed">Passed Tests</th></tr>
          <tr>
        <td colspan="3" class="group">edu.reddituigroup.reddit.tests.RedditSearchTest</td>
      </tr>
            
<tr>
  <td class="method">
                  <span class="description" title="Click the comments button on the post page (uses JS).">clickCommentsButtonOnPost</span>
      </td>
  <td class="duration">
    2.174s
  </td>
  <td class="result">
        
    
        

      </td>
</tr>
<tr>
  <td class="method">
                  <span class="description" title="Navigate to homepage and click the first feed post using JS.">clickFirstFeedPost</span>
      </td>
  <td class="duration">
    4.016s
  </td>
  <td class="result">
        
    
        

      </td>
</tr>
      </table>
  
</body>
</html>
